<?xml version="1.0" encoding="UTF-8"?>
<!-- Generated by org.testng.reporters.JUnitReportReporter -->
<testsuite skipped="0" hostname="DESKTOP-VPQL4BF" name="Multiplication_Run_Class.class_Multiplication_Run_Class" tests="1" failures="0" timestamp="2020-02-23T05:41:29 PST" time="16.420" errors="0">
  <testcase name="Run_class_Multiplication" time="16.420" classname="Multiplication_Run_Class.class_Multiplication_Run_Class"/>
</testsuite> <!-- Multiplication_Run_Class.class_Multiplication_Run_Class -->
