<?xml version="1.0" encoding="UTF-8"?>
<!-- Generated by org.testng.reporters.JUnitReportReporter -->
<testsuite skipped="0" hostname="DESKTOP-VPQL4BF" name="class_Addition_Run_Class.class_Addition_Run_Class" tests="1" failures="0" timestamp="2020-02-23T05:26:30 PST" time="21.399" errors="0">
  <testcase name="run_class_Addition" time="21.399" classname="class_Addition_Run_Class.class_Addition_Run_Class"/>
</testsuite> <!-- class_Addition_Run_Class.class_Addition_Run_Class -->
