<?xml version="1.0" encoding="UTF-8"?>
<!-- Generated by org.testng.reporters.JUnitReportReporter -->
<testsuite skipped="0" hostname="DESKTOP-VPQL4BF" name="MobileApp" tests="1" failures="0" timestamp="2020-02-23T05:21:39 PST" time="18.347" errors="0">
  <testcase name="run_class_Addition" time="18.347" classname="MobileApp"/>
</testsuite> <!-- MobileApp -->
