<?xml version="1.0" encoding="UTF-8"?>
<!-- Generated by org.testng.reporters.JUnitReportReporter -->
<testsuite skipped="0" hostname="DESKTOP-MV38J76" name="Test_Case_01.Test_Case_01" tests="1" failures="0" timestamp="2021-01-23T19:11:00 BDT" time="15.308" errors="0">
  <testcase name="main" time="15.308" classname="Test_Case_01.Test_Case_01"/>
  <system-out/>
</testsuite> <!-- Test_Case_01.Test_Case_01 -->
