<?xml version="1.0" encoding="UTF-8"?>
<!-- Generated by org.testng.reporters.JUnitReportReporter -->
<testsuite skipped="0" hostname="DESKTOP-MV38J76" name="Run_Class.Test_Case_Run_Class" tests="1" failures="0" timestamp="2021-02-15T16:37:42 BDT" time="16.857" errors="0">
  <testcase name="Test_Case_03_Run" time="16.857" classname="Run_Class.Test_Case_Run_Class"/>
  <system-out/>
</testsuite> <!-- Run_Class.Test_Case_Run_Class -->
