<?xml version="1.0" encoding="UTF-8"?>
<!-- Generated by org.testng.reporters.JUnitReportReporter -->
<testsuite skipped="0" hostname="DESKTOP-MV38J76" name="Run_Class.Test_Case_01_Run_Class" tests="1" failures="0" timestamp="2021-02-15T14:10:16 BDT" time="15.514" errors="0">
  <testcase name="Test_Case_03_Run" time="15.514" classname="Run_Class.Test_Case_01_Run_Class"/>
  <system-out/>
</testsuite> <!-- Run_Class.Test_Case_01_Run_Class -->
