<?xml version="1.0" encoding="UTF-8"?>
<!-- Generated by org.testng.reporters.JUnitReportReporter -->
<testsuite skipped="0" hostname="DESKTOP-MV38J76" name="Run_Class.Test_Case_Run_Class" tests="1" failures="0" timestamp="2021-04-19T20:01:32 BDT" time="22.035" errors="0">
  <testcase name="Test_Case_05_Run" time="22.035" classname="Run_Class.Test_Case_Run_Class"/>
</testsuite> <!-- Run_Class.Test_Case_Run_Class -->
